<?xml version="1.0" encoding="UTF-8"?>
<testng-results skipped="0" failed="0" ignored="0" total="1" passed="1">
  <reporter-output>
  </reporter-output>
  <suite name="Default suite" duration-ms="12168" started-at="2021-07-22T06:52:44 IST" finished-at="2021-07-22T06:52:56 IST">
    <groups>
    </groups>
    <test name="Default test" duration-ms="12168" started-at="2021-07-22T06:52:44 IST" finished-at="2021-07-22T06:52:56 IST">
      <class name="testCases.First">
        <test-method status="PASS" signature="initialise()[pri:0, instance:testCases.First@42f93a98]" name="initialise" is-config="true" duration-ms="5825" started-at="2021-07-22T06:52:44 IST" finished-at="2021-07-22T06:52:49 IST">
          <reporter-output>
          </reporter-output>
        </test-method> <!-- initialise -->
        <test-method status="PASS" signature="tc1()[pri:0, instance:testCases.First@42f93a98]" name="tc1" duration-ms="6254" started-at="2021-07-22T06:52:49 IST" finished-at="2021-07-22T06:52:56 IST">
          <reporter-output>
          </reporter-output>
        </test-method> <!-- tc1 -->
      </class> <!-- testCases.First -->
    </test> <!-- Default test -->
  </suite> <!-- Default suite -->
</testng-results>
